<?xml version="1.0" encoding="UTF-8"?>
<!-- Generated by org.testng.reporters.JUnitReportReporter -->
<testsuite hostname="DESKTOP-C72I851" failures="0" tests="14" name="MyTestCases" time="0.307" errors="0" timestamp="2025-03-21T04:58:06 AST" skipped="13">
  <testcase classname="MyTestCases" name="Download_file_to_test" time="0.307"/>
  <system-out/>
  <testcase classname="MyTestCases" name="Checkbox_Example">
    <skipped/>
  </testcase> <!-- Checkbox_Example -->
  <system-out/>
  <testcase classname="MyTestCases" name="iFrame_Example">
    <skipped/>
  </testcase> <!-- iFrame_Example -->
  <system-out/>
  <testcase classname="MyTestCases" name="Switch_Window_Example">
    <skipped/>
  </testcase> <!-- Switch_Window_Example -->
  <system-out/>
  <testcase classname="MyTestCases" name="Switch_To_Alert_Example">
    <skipped/>
  </testcase> <!-- Switch_To_Alert_Example -->
  <system-out/>
  <testcase classname="MyTestCases" name="Element_Displayed_Example">
    <skipped/>
  </testcase> <!-- Element_Displayed_Example -->
  <system-out/>
  <testcase classname="MyTestCases" name="Static_Dropdown_Example">
    <skipped/>
  </testcase> <!-- Static_Dropdown_Example -->
  <system-out/>
  <testcase classname="MyTestCases" name="Enabled_Disabled_Example">
    <skipped/>
  </testcase> <!-- Enabled_Disabled_Example -->
  <system-out/>
  <testcase classname="MyTestCases" name="Switch_Tab_Example">
    <skipped/>
  </testcase> <!-- Switch_Tab_Example -->
  <system-out/>
  <testcase classname="MyTestCases" name="Dynamic_Dropdown_Example">
    <skipped/>
  </testcase> <!-- Dynamic_Dropdown_Example -->
  <system-out/>
  <testcase classname="MyTestCases" name="Web_Table_Example">
    <skipped/>
  </testcase> <!-- Web_Table_Example -->
  <system-out/>
  <testcase classname="MyTestCases" name="Calendar_Example">
    <skipped/>
  </testcase> <!-- Calendar_Example -->
  <system-out/>
  <testcase classname="MyTestCases" name="Mouse_Hover_Example">
    <skipped/>
  </testcase> <!-- Mouse_Hover_Example -->
  <system-out/>
  <testcase classname="MyTestCases" name="Radio_Button_Example">
    <skipped/>
  </testcase> <!-- Radio_Button_Example -->
  <system-out/>
</testsuite> <!-- MyTestCases -->
